[debug] [2022-12-18T18:54:23.284Z] ----------------------------------------------------------------------
[debug] [2022-12-18T18:54:23.287Z] Command:       /usr/local/bin/node /usr/local/bin/firebase init
[debug] [2022-12-18T18:54:23.287Z] CLI Version:   11.8.0
[debug] [2022-12-18T18:54:23.287Z] Platform:      darwin
[debug] [2022-12-18T18:54:23.287Z] Node Version:  v16.17.0
[debug] [2022-12-18T18:54:23.298Z] Time:          Sun Dec 18 2022 23:54:23 GMT+0500 (Pakistan Standard Time)
[debug] [2022-12-18T18:54:23.298Z] ----------------------------------------------------------------------
[debug] 
[debug] [2022-12-18T18:54:23.302Z] >>> [apiv2][query] GET https://firebase-public.firebaseio.com/cli.json [none]
[debug] [2022-12-18T18:54:23.322Z] > command requires scopes: ["email","openid","https://www.googleapis.com/auth/cloudplatformprojects.readonly","https://www.googleapis.com/auth/firebase","https://www.googleapis.com/auth/cloud-platform"]
[debug] [2022-12-18T18:54:23.322Z] > authorizing via signed-in user (syedahmad123123shah@gmail.com)
[info] 
     ######## #### ########  ######## ########     ###     ######  ########
     ##        ##  ##     ## ##       ##     ##  ##   ##  ##       ##
     ######    ##  ########  ######   ########  #########  ######  ######
     ##        ##  ##    ##  ##       ##     ## ##     ##       ## ##
     ##       #### ##     ## ######## ########  ##     ##  ######  ########

You're about to initialize a Firebase project in this directory:

  /Users/apple/Documents/GitHub/shoppingApp

[debug] [2022-12-18T18:54:24.207Z] <<< [apiv2][status] GET https://firebase-public.firebaseio.com/cli.json 200
[debug] [2022-12-18T18:54:24.208Z] <<< [apiv2][body] GET https://firebase-public.firebaseio.com/cli.json {"cloudBuildErrorAfter":1594252800000,"cloudBuildWarnAfter":1590019200000,"defaultNode10After":1594252800000,"minVersion":"3.0.5","node8DeploysDisabledAfter":1613390400000,"node8RuntimeDisabledAfter":1615809600000,"node8WarnAfter":1600128000000}
